#                                                                                                              --- full sequence --- -------------- this domain -------------   hmm coord   ali coord   env coord
# target name                                          accession   tlen query name           accession   qlen   E-value  score  bias   #  of  c-Evalue  i-Evalue  score  bias  from    to  from    to  from    to  acc description of target
#                                  ------------------- ---------- ----- -------------------- ---------- ----- --------- ------ ----- --- --- --------- --------- ------ ----- ----- ----- ----- ----- ----- ----- ---- ---------------------
10251574at2759_6579_0:003ab9|contig_236:8467-9507|-    -            343 10251574             -            799     2e-85  277.6   0.1   1   1   2.1e-85   2.4e-85  277.3   0.1   399   698     1   296     1   325 0.90 <unknown description>
10251574at2759_156304_0:0004c7|contig_236:8613-10036|- -            469 10251574             -            799   2.4e-84  274.0  11.9   1   1   7.1e-83   7.9e-83  269.0  11.9   211   696     1   468     1   469 0.81 <unknown description>
10251574at2759_7739_0:0027c6|contig_236:8613-9750|-    -            342 10251574             -            799   4.5e-81  263.2   4.9   1   3       1.1       1.2   -2.8   0.0   307   327     5    24     2    33 0.79 <unknown description>
10251574at2759_7739_0:0027c6|contig_236:8613-9750|-    -            342 10251574             -            799   4.5e-81  263.2   4.9   2   3   7.7e-74   8.6e-74  239.1   0.6   374   611    58   287    43   300 0.90 <unknown description>
10251574at2759_7739_0:0027c6|contig_236:8613-9750|-    -            342 10251574             -            799   4.5e-81  263.2   4.9   3   3   2.5e-09   2.8e-09   25.7   0.2   663   696   309   341   300   342 0.95 <unknown description>
10251574at2759_41139_0:00088f|contig_236:8838-9510|-   -            222 10251574             -            799   1.7e-73  238.1   0.5   1   1   1.7e-73   1.9e-73  238.0   0.5   398   611     1   208     1   221 0.94 <unknown description>
10251574at2759_4155_0:000ed2|contig_236:8613-9417|-    -            216 10251574             -            799   7.9e-71  229.3   5.0   1   2   6.4e-64   7.1e-64  206.3   0.5   432   609     2   176     1   183 0.95 <unknown description>
10251574at2759_4155_0:000ed2|contig_236:8613-9417|-    -            216 10251574             -            799   7.9e-71  229.3   5.0   2   2   1.3e-09   1.4e-09   26.7   0.3   662   696   181   215   169   216 0.83 <unknown description>
10251574at2759_22663_0:002cfb|contig_236:8883-9735|-   -            282 10251574             -            799     6e-66  213.2   0.4   1   1   7.3e-66   8.1e-66  212.7   0.4   375   608    54   280    38   282 0.90 <unknown description>
10251574at2759_296587_0:00212f|contig_236:8880-9417|-  -            178 10251574             -            799   3.4e-65  210.6   0.1   1   1   3.4e-65   3.7e-65  210.5   0.1   432   609     2   176     1   178 0.95 <unknown description>
10251574at2759_27291_0:00145f|contig_421:4885-6756|-   -            609 10251574             -            799   9.4e-54  172.8   0.1   1   2   4.7e-51   5.3e-51  163.7   0.2   159   590     2   408     1   413 0.83 <unknown description>
10251574at2759_27291_0:00145f|contig_421:4885-6756|-   -            609 10251574             -            799   9.4e-54  172.8   0.1   2   2    0.0011    0.0012    7.1   0.0   649   787   459   595   448   602 0.80 <unknown description>
10251574at2759_425265_0:00065d|contig_236:9051-9417|-  -            122 10251574             -            799     3e-51  164.5   0.6   1   1   2.9e-51   3.3e-51  164.4   0.6   432   552     2   121     1   122 0.95 <unknown description>
10251574at2759_3369_0:003520|contig_236:8877-9258|-    -            127 10251574             -            799   1.2e-48  155.9   1.6   1   1   1.3e-48   1.4e-48  155.7   1.6   484   609     1   124     1   126 0.96 <unknown description>
10251574at2759_1076696_0:00023d|contig_121:331-1057|-  -            238 10251574             -            799   1.2e-47  152.6   0.2   1   1   1.2e-47   1.3e-47  152.5   0.2   393   647     1   237     1   238 0.87 <unknown description>
10251574at2759_93504_0:001947|contig_236:9135-9510|-   -            124 10251574             -            799   1.2e-46  149.3   1.3   1   1   1.2e-46   1.4e-46  149.1   1.3   398   525     1   124     1   124 0.96 <unknown description>
10251574at2759_931890_0:001018|contig_421:5096-6524|-  -            467 10251574             -            799   2.9e-44  141.4   0.1   1   2   2.1e-43   2.4e-43  138.4   0.0   234   590     1   335     1   340 0.82 <unknown description>
10251574at2759_931890_0:001018|contig_421:5096-6524|-  -            467 10251574             -            799   2.9e-44  141.4   0.1   2   2     0.077     0.086    1.0   0.0   649   724   386   461   375   466 0.73 <unknown description>
10251574at2759_58627_0:000595|contig_421:5136-6092|-   -            315 10251574             -            799   6.9e-34  107.1   0.1   1   2   2.8e-33   3.1e-33  104.9   0.0   382   580     5   186     1   212 0.84 <unknown description>
10251574at2759_58627_0:000595|contig_421:5136-6092|-   -            315 10251574             -            799   6.9e-34  107.1   0.1   2   2      0.14      0.16    0.1   0.0   649   715   247   314   236   315 0.72 <unknown description>
10251574at2759_948595_0:0003d9|contig_121:499-1057|-   -            184 10251574             -            799     2e-33  105.6   0.4   1   1     2e-33   2.2e-33  105.5   0.4   393   586     1   183     1   184 0.90 <unknown description>
10251574at2759_482537_0:0056da|contig_236:9105-9258|-  -             52 10251574             -            799     5e-30   94.4   0.9   1   1   4.8e-30   5.3e-30   94.3   0.9   484   535     1    52     1    52 0.99 <unknown description>
10251574at2759_655863_0:000880|contig_421:5505-6065|-  -            124 10251574             -            799     4e-17   51.7   0.3   1   2   9.5e-11   1.1e-10   30.4   0.0   395   488     9    90     1    92 0.79 <unknown description>
10251574at2759_655863_0:000880|contig_421:5505-6065|-  -            124 10251574             -            799     4e-17   51.7   0.3   2   2   1.1e-07   1.2e-07   20.4   0.1   557   583    93   119    86   124 0.91 <unknown description>
#
# Program:         hmmsearch
# Version:         3.4 (Aug 2023)
# Pipeline mode:   SEARCH
# Query file:      /data/busco_downloads/lineages/eukaryota_odb12/hmms/10251574at2759.hmm
# Target file:     reports/busco_output/auto_lineage/run_eukaryota_odb12/miniprot_output/translated_proteins/10251574at2759.faa
# Option settings: hmmsearch --domtblout reports/busco_output/auto_lineage/run_eukaryota_odb12/hmmer_output/10251574at2759.out --cpu 1 /data/busco_downloads/lineages/eukaryota_odb12/hmms/10251574at2759.hmm reports/busco_output/auto_lineage/run_eukaryota_odb12/miniprot_output/translated_proteins/10251574at2759.faa 
# Current dir:     /data
# Date:            Fri Mar 27 03:05:37 2026
# [ok]
