#                                                                                                             --- full sequence --- -------------- this domain -------------   hmm coord   ali coord   env coord
# target name                                         accession   tlen query name           accession   qlen   E-value  score  bias   #  of  c-Evalue  i-Evalue  score  bias  from    to  from    to  from    to  acc description of target
#                                 ------------------- ---------- ----- -------------------- ---------- ----- --------- ------ ----- --- --- --------- --------- ------ ----- ----- ----- ----- ----- ----- ----- ---- ---------------------
10263597at2759_418784_0:000e85|contig_323:3324-4542|+ -            400 10263597             -            409   7.6e-31   95.5   2.9   1   1   2.4e-28     4e-28   86.5   2.9     5   282     2   317     1   377 0.67 <unknown description>
10263597at2759_27291_0:000dff|contig_323:2931-4884|+  -            640 10263597             -            409   3.1e-30   93.5   5.6   1   3     1e-19   1.7e-19   58.1   0.1     3   123   128   264   126   322 0.78 <unknown description>
10263597at2759_27291_0:000dff|contig_323:2931-4884|+  -            640 10263597             -            409   3.1e-30   93.5   5.6   2   3   1.3e-12   2.1e-12   34.7   1.6   187   277   355   440   347   509 0.71 <unknown description>
10263597at2759_27291_0:000dff|contig_323:2931-4884|+  -            640 10263597             -            409   3.1e-30   93.5   5.6   3   3     0.031     0.051    0.5   0.0   335   365   542   576   486   626 0.78 <unknown description>
10263597at2759_763406_0:001104|contig_323:3327-4846|+ -            499 10263597             -            409     5e-27   82.9   6.4   1   3   1.9e-16   3.1e-16   47.4   0.0     6    82     2    88     1    91 0.78 <unknown description>
10263597at2759_763406_0:001104|contig_323:3327-4846|+ -            499 10263597             -            409     5e-27   82.9   6.4   2   3   8.6e-12   1.4e-11   32.0   4.7   187   275   225   308   119   377 0.79 <unknown description>
10263597at2759_763406_0:001104|contig_323:3327-4846|+ -            499 10263597             -            409     5e-27   82.9   6.4   3   3      0.04     0.066    0.2   0.0   337   365   415   447   386   452 0.74 <unknown description>
#
# Program:         hmmsearch
# Version:         3.4 (Aug 2023)
# Pipeline mode:   SEARCH
# Query file:      /data/busco_downloads/lineages/eukaryota_odb12/hmms/10263597at2759.hmm
# Target file:     reports/busco_output/auto_lineage/run_eukaryota_odb12/miniprot_output/translated_proteins/10263597at2759.faa
# Option settings: hmmsearch --domtblout reports/busco_output/auto_lineage/run_eukaryota_odb12/hmmer_output/10263597at2759.out --cpu 1 /data/busco_downloads/lineages/eukaryota_odb12/hmms/10263597at2759.hmm reports/busco_output/auto_lineage/run_eukaryota_odb12/miniprot_output/translated_proteins/10263597at2759.faa 
# Current dir:     /data
# Date:            Fri Mar 27 03:05:37 2026
# [ok]
