#                                                                                                             --- full sequence --- -------------- this domain -------------   hmm coord   ali coord   env coord
# target name                                         accession   tlen query name           accession   qlen   E-value  score  bias   #  of  c-Evalue  i-Evalue  score  bias  from    to  from    to  from    to  acc description of target
#                                 ------------------- ---------- ----- -------------------- ---------- ----- --------- ------ ----- --- --- --------- --------- ------ ----- ----- ----- ----- ----- ----- ----- ---- ---------------------
10267436at2759_27291_0:000204|contig_76:8068-9631|-   -            511 10267436             -            434  2.9e-141  461.0  11.9   1   1  3.4e-141  3.8e-141  460.6  11.9    54   434   106   510    52   510 0.89 <unknown description>
10267436at2759_294746_0:0009d6|contig_76:8068-9280|-  -            397 10267436             -            434    2e-137  448.3  15.6   1   1  2.1e-137  2.3e-137  448.1  15.6    64   434     2   396     1   396 0.89 <unknown description>
10267436at2759_41139_0:002422|contig_76:8068-13487|-  -            476 10267436             -            434  1.7e-127  415.6  15.3   1   1  1.9e-127  2.1e-127  415.3  15.3    54   434    68   475    41   475 0.86 <unknown description>
10267436at2759_343691_0:0028cf|contig_76:8068-10870|- -            491 10267436             -            434  4.9e-124  404.2  14.4   1   1  5.1e-124  5.8e-124  404.0  14.4    47   434    75   490    28   490 0.85 <unknown description>
10267436at2759_259920_0:003227|contig_76:7140-9145|-  -            356 10267436             -            434  8.7e-120  390.2  17.3   1   1  8.9e-120    1e-119  390.0  17.3   102   433     1   354     1   355 0.89 <unknown description>
10267436at2759_59895_0:0040f7|contig_76:8100-8949|-   -            282 10267436             -            434   7.7e-97  314.6   9.5   1   1   7.7e-97   8.7e-97  314.4   9.5   160   424     2   281     1   282 0.90 <unknown description>
10267436at2759_63459_0:005d22|contig_76:8130-8742|-   -            203 10267436             -            434   2.2e-71  230.7   5.1   1   1   2.2e-71   2.5e-71  230.5   5.1   225   414     1   202     1   203 0.89 <unknown description>
10267436at2759_6565_0:0063a6|contig_76:8584-9361|-    -            257 10267436             -            434   1.7e-69  224.4   3.4   1   1   1.8e-69     2e-69  224.2   3.4    54   273    19   256     6   257 0.87 <unknown description>
10267436at2759_70779_0:0000b7|contig_76:8315-8996|-   -            225 10267436             -            434     5e-64  206.5   5.4   1   1     5e-64   5.7e-64  206.3   5.4   144   354     1   224     1   225 0.89 <unknown description>
10267436at2759_933632_0:004571|contig_76:8068-8432|-  -            121 10267436             -            434   3.4e-56  180.6   8.6   1   1   3.4e-56   3.9e-56  180.5   8.6   316   434     1   120     1   120 0.96 <unknown description>
10267436at2759_28377_0:0042f8|contig_76:8599-9145|-   -            182 10267436             -            434   7.9e-54  172.9   5.8   1   1     8e-54   9.1e-54  172.7   5.8   102   269     1   182     1   182 0.89 <unknown description>
10267436at2759_8673_0:004783|contig_76:8154-8432|-    -             93 10267436             -            434   2.9e-46  147.9   3.2   1   1   2.9e-46   3.3e-46  147.7   3.2   316   405     1    90     1    92 0.96 <unknown description>
10267436at2759_176946_0:004be2|contig_76:8712-9145|-  -            144 10267436             -            434   6.4e-44  140.2   4.8   1   1   6.5e-44   7.3e-44  140.0   4.8   102   235     1   144     1   144 0.88 <unknown description>
10267436at2759_6579_0:0064d3|contig_76:8599-8982|-    -            127 10267436             -            434   1.1e-40  129.5   1.2   1   1     1e-40   1.2e-40  129.4   1.2   157   269    10   127     1   127 0.89 <unknown description>
10267436at2759_168475_0:001c94|contig_76:8969-9145|-  -             59 10267436             -            434   9.9e-20   60.5   0.6   1   1   9.5e-20   1.1e-19   60.4   0.6   102   151     1    57     1    59 0.87 <unknown description>
#
# Program:         hmmsearch
# Version:         3.4 (Aug 2023)
# Pipeline mode:   SEARCH
# Query file:      /data/busco_downloads/lineages/eukaryota_odb12/hmms/10267436at2759.hmm
# Target file:     reports/busco_output/auto_lineage/run_eukaryota_odb12/miniprot_output/translated_proteins/10267436at2759.faa
# Option settings: hmmsearch --domtblout reports/busco_output/auto_lineage/run_eukaryota_odb12/hmmer_output/10267436at2759.out --cpu 1 /data/busco_downloads/lineages/eukaryota_odb12/hmms/10267436at2759.hmm reports/busco_output/auto_lineage/run_eukaryota_odb12/miniprot_output/translated_proteins/10267436at2759.faa 
# Current dir:     /data
# Date:            Fri Mar 27 03:05:37 2026
# [ok]
