#                                                                                                               --- full sequence --- -------------- this domain -------------   hmm coord   ali coord   env coord
# target name                                           accession   tlen query name           accession   qlen   E-value  score  bias   #  of  c-Evalue  i-Evalue  score  bias  from    to  from    to  from    to  acc description of target
#                                   ------------------- ---------- ----- -------------------- ---------- ----- --------- ------ ----- --- --- --------- --------- ------ ----- ----- ----- ----- ----- ----- ----- ---- ---------------------
1715808at2759_1230840_0:002ec6|contig_289:49035-49760|- -            237 1715808              -            185   6.3e-47  148.8   0.0   1   1     6e-45     6e-45  142.3   0.0    13   185    48   236    34   236 0.81 <unknown description>
1715808at2759_93504_0:000f2a|contig_289:48855-52620|-   -            330 1715808              -            185   2.6e-46  146.8   0.0   1   1   2.2e-44   2.2e-44  140.5   0.0    14   185    84   271    69   271 0.81 <unknown description>
1715808at2759_27291_0:0014b2|contig_289:48846-49854|-   -            329 1715808              -            185   2.9e-46  146.6   0.0   1   1   2.5e-44   2.5e-44  140.3   0.0    14   185    80   267    65   267 0.81 <unknown description>
1715808at2759_308060_0:0019f0|contig_289:48996-49597|-  -            197 1715808              -            185   3.8e-46  146.2   0.0   1   1   3.5e-44   3.5e-44  139.8   0.0    19   185     1   183     1   183 0.84 <unknown description>
1715808at2759_39416_0:0003aa|contig_289:48837-49597|-   -            248 1715808              -            185   2.5e-45  143.6   0.0   1   2   3.2e-21   3.2e-21   65.0   0.0    19   116     1    96     1   105 0.88 <unknown description>
1715808at2759_39416_0:0003aa|contig_289:48837-49597|-   -            248 1715808              -            185   2.5e-45  143.6   0.0   2   2   7.3e-25   7.3e-25   76.8   0.0   111   185   107   183   100   183 0.92 <unknown description>
1715808at2759_3661_0:000c95|contig_289:48840-53870|-    -            350 1715808              -            185   2.7e-38  120.6   0.0   1   2      0.94      0.94   -1.7   0.0    34    67    34    69     5    77 0.62 <unknown description>
1715808at2759_3661_0:000c95|contig_289:48840-53870|-    -            350 1715808              -            185   2.7e-38  120.6   0.0   2   2   3.5e-36   3.5e-36  113.8   0.0     7   185    88   286    82   286 0.78 <unknown description>
1715808at2759_263140_0:0033f0|contig_289:48852-49432|-  -            190 1715808              -            185   5.8e-35  109.8   0.0   1   1     6e-33     6e-33  103.2   0.0    74   185     1   130     1   130 0.81 <unknown description>
1715808at2759_154827_0:0094ec|contig_289:49035-49262|-  -             75 1715808              -            185   1.5e-25   79.1   0.0   1   1   1.6e-25   1.6e-25   79.0   0.0   118   185     6    74     1    74 0.92 <unknown description>
1715808at2759_30455_0:002e24|contig_289:48864-49262|-   -            130 1715808              -            185   7.1e-25   76.9   0.0   1   1   8.5e-25   8.5e-25   76.6   0.0   118   185     6    74     1    74 0.93 <unknown description>
1715808at2759_106335_0:00a7f8|contig_289:48840-49112|-  -             89 1715808              -            185   4.1e-09   25.5   0.0   1   1   5.5e-09   5.5e-09   25.1   0.0   160   185     1    25     1    25 0.96 <unknown description>
#
# Program:         hmmsearch
# Version:         3.4 (Aug 2023)
# Pipeline mode:   SEARCH
# Query file:      /data/busco_downloads/lineages/eukaryota_odb12/hmms/1715808at2759.hmm
# Target file:     reports/busco_output/auto_lineage/run_eukaryota_odb12/miniprot_output/translated_proteins/1715808at2759.faa
# Option settings: hmmsearch --domtblout reports/busco_output/auto_lineage/run_eukaryota_odb12/hmmer_output/1715808at2759.out --cpu 1 /data/busco_downloads/lineages/eukaryota_odb12/hmms/1715808at2759.hmm reports/busco_output/auto_lineage/run_eukaryota_odb12/miniprot_output/translated_proteins/1715808at2759.faa 
# Current dir:     /data
# Date:            Fri Mar 27 03:05:37 2026
# [ok]
