#                                                                                                             --- full sequence --- -------------- this domain -------------   hmm coord   ali coord   env coord
# target name                                         accession   tlen query name           accession   qlen   E-value  score  bias   #  of  c-Evalue  i-Evalue  score  bias  from    to  from    to  from    to  acc description of target
#                                 ------------------- ---------- ----- -------------------- ---------- ----- --------- ------ ----- --- --- --------- --------- ------ ----- ----- ----- ----- ----- ----- ----- ---- ---------------------
189968at2759_27291_0:00142a|contig_188:39122-40829|-  -            558 189968               -            453   8.9e-37  116.2  21.8   1   4   2.2e-05   2.2e-05   12.8  11.9     9    93     6    88     1   103 0.63 <unknown description>
189968at2759_27291_0:00142a|contig_188:39122-40829|-  -            558 189968               -            453   8.9e-37  116.2  21.8   2   4   1.2e-19   1.2e-19   59.8   0.5   140   307   178   354   120   357 0.82 <unknown description>
189968at2759_27291_0:00142a|contig_188:39122-40829|-  -            558 189968               -            453   8.9e-37  116.2  21.8   3   4   3.1e-06   3.1e-06   15.6   0.0   309   353   390   432   376   438 0.87 <unknown description>
189968at2759_27291_0:00142a|contig_188:39122-40829|-  -            558 189968               -            453   8.9e-37  116.2  21.8   4   4   6.1e-11   6.1e-11   31.1   0.1   354   434   453   540   445   554 0.79 <unknown description>
189968at2759_983966_0:0013b3|contig_188:39131-40276|- -            378 189968               -            453   7.5e-31   96.7   3.5   1   3   1.2e-19   1.2e-19   59.8   0.1   143   307     1   174     1   179 0.84 <unknown description>
189968at2759_983966_0:0013b3|contig_188:39131-40276|- -            378 189968               -            453   7.5e-31   96.7   3.5   2   3   0.00078   0.00078    7.7   0.0   310   341   212   242   211   246 0.87 <unknown description>
189968at2759_983966_0:0013b3|contig_188:39131-40276|- -            378 189968               -            453   7.5e-31   96.7   3.5   3   3   3.6e-10   3.6e-10   28.6   0.2   354   437   275   366   267   376 0.86 <unknown description>
189968at2759_294746_0:000147|contig_188:39337-40214|- -            290 189968               -            453   3.9e-28   87.8   0.1   1   3   4.1e-18   4.1e-18   54.7   0.0   165   307    12   154     4   159 0.90 <unknown description>
189968at2759_294746_0:000147|contig_188:39337-40214|- -            290 189968               -            453   3.9e-28   87.8   0.1   2   3   3.9e-05   3.9e-05   12.0   0.0   310   353   192   233   191   239 0.86 <unknown description>
189968at2759_294746_0:000147|contig_188:39337-40214|- -            290 189968               -            453   3.9e-28   87.8   0.1   3   3   7.2e-07   7.2e-07   17.7   0.0   354   385   254   286   246   289 0.88 <unknown description>
189968at2759_175797_0:003f10|contig_76:8658-9153|-    -            115 189968               -            453   6.1e-13   37.7   0.2   1   1   7.5e-13   7.5e-13   37.4   0.2   177   254    24   100    13   106 0.89 <unknown description>
189968at2759_37003_0:000fe4|contig_76:8179-8742|-     -             99 189968               -            453   2.7e-12   35.6   0.8   1   2    0.0006    0.0006    8.0   0.1   241   254     1    14     1    25 0.82 <unknown description>
189968at2759_37003_0:000fe4|contig_76:8179-8742|-     -             99 189968               -            453   2.7e-12   35.6   0.8   2   2   1.4e-09   1.4e-09   26.6   0.1   177   214    57    94    41    97 0.66 <unknown description>
189968at2759_8364_0:00240e|contig_76:8706-9075|-      -             73 189968               -            453   5.7e-12   34.5   0.4   1   1   6.1e-12   6.1e-12   34.4   0.4   180   252     1    72     1    73 0.92 <unknown description>
189968at2759_31033_0:0045b2|contig_76:8658-8997|-     -            114 189968               -            453   1.3e-11   33.3   0.4   1   1     2e-11     2e-11   32.7   0.4   219   297    15   100    11   104 0.81 <unknown description>
189968at2759_481883_0:0013c3|contig_76:8706-8976|-    -             91 189968               -            453     2e-11   32.7   0.5   1   1   3.1e-11   3.1e-11   32.0   0.5   219   294     8    90     5    91 0.82 <unknown description>
189968at2759_259920_0:002354|contig_76:8658-8874|-    -             73 189968               -            453   1.8e-10   29.6   0.8   1   1   2.4e-10   2.4e-10   29.1   0.8   238   297     1    59     1    63 0.82 <unknown description>
189968at2759_214514_0:004bcf|contig_76:8706-8874|-    -             57 189968               -            453     3e-10   28.8   1.1   1   1     4e-10     4e-10   28.4   1.1   238   294     1    56     1    57 0.83 <unknown description>
189968at2759_3075_0:00185b|contig_76:27889-28054|-    -             56 189968               -            453   3.3e-07   18.8   0.2   1   1   1.6e-06   1.6e-06   16.6   0.2   234   253    36    54     1    56 0.47 <unknown description>
189968at2759_8078_0:00474a|contig_76:8658-8742|-      -             29 189968               -            453   5.2e-05   11.5   0.1   1   1   5.2e-05   5.2e-05   11.5   0.1   241   254     1    14     1    24 0.81 <unknown description>
189968at2759_71139_0:002a4d|contig_350:14703-14841|+  -             47 189968               -            453     0.037    2.2  11.7   1   1     0.035     0.035    2.2  11.7    27    54    18    45     3    47 0.37 <unknown description>
189968at2759_1410327_0:001986|contig_216:1504-1702|+  -             66 189968               -            453      0.37   -1.2  22.1   1   1      0.53      0.53   -1.7  22.1    29    91     5    66     2    66 0.71 <unknown description>
#
# Program:         hmmsearch
# Version:         3.4 (Aug 2023)
# Pipeline mode:   SEARCH
# Query file:      /data/busco_downloads/lineages/eukaryota_odb12/hmms/189968at2759.hmm
# Target file:     reports/busco_output/auto_lineage/run_eukaryota_odb12/miniprot_output/translated_proteins/189968at2759.faa
# Option settings: hmmsearch --domtblout reports/busco_output/auto_lineage/run_eukaryota_odb12/hmmer_output/189968at2759.out --cpu 1 /data/busco_downloads/lineages/eukaryota_odb12/hmms/189968at2759.hmm reports/busco_output/auto_lineage/run_eukaryota_odb12/miniprot_output/translated_proteins/189968at2759.faa 
# Current dir:     /data
# Date:            Fri Mar 27 03:05:38 2026
# [ok]
