#                                                                                                              --- full sequence --- -------------- this domain -------------   hmm coord   ali coord   env coord
# target name                                          accession   tlen query name           accession   qlen   E-value  score  bias   #  of  c-Evalue  i-Evalue  score  bias  from    to  from    to  from    to  acc description of target
#                                  ------------------- ---------- ----- -------------------- ---------- ----- --------- ------ ----- --- --- --------- --------- ------ ----- ----- ----- ----- ----- ----- ----- ---- ---------------------
243313at2759_45513_0:00061f|contig_109:15896-16751|+   -            280 243313               -            258   4.8e-89  287.4   2.5   1   1   1.4e-88   1.6e-88  285.7   2.5     4   254    14   275    11   279 0.85 <unknown description>
243313at2759_13502_0:000da1|contig_109:15053-16837|+   -            331 243313               -            258   9.1e-89  286.5   0.8   1   1   2.6e-88   2.9e-88  284.8   0.8     4   250    36   294    33   303 0.85 <unknown description>
243313at2759_27291_0:000b21|contig_109:15896-17056|+   -            379 243313               -            258   2.3e-88  285.1   2.3   1   1   6.5e-88   7.2e-88  283.5   2.3     4   254    14   275    11   280 0.85 <unknown description>
243313at2759_86752_0:005ef7|contig_109:15940-16600|+   -            217 243313               -            258   6.3e-78  250.9   0.5   1   1   1.3e-77   1.4e-77  249.7   0.5     5   188     1   186     1   217 0.87 <unknown description>
243313at2759_108875_0:0033b2|contig_109:15937-16447|+  -            168 243313               -            258   9.6e-69  220.8   0.1   1   1   9.7e-69   1.1e-68  220.7   0.1     4   168     1   168     1   168 0.92 <unknown description>
243313at2759_3888_0:000b69|contig_109:16201-16710|+    -            168 243313               -            258     8e-52  165.4   2.1   1   1   2.8e-51   3.1e-51  163.5   2.1    90   241     6   164     1   168 0.84 <unknown description>
243313at2759_2732470_0:0005a0|contig_109:16183-17003|+ -            271 243313               -            258   8.5e-52  165.3   3.3   1   1     3e-51   3.3e-51  163.4   3.3    87   250     9   179     3   188 0.82 <unknown description>
243313at2759_214687_0:006a97|contig_109:16219-16472|+  -             84 243313               -            258   4.8e-41  130.0   0.4   1   1   4.8e-41   5.3e-41  129.9   0.4    91   175     1    83     1    84 0.98 <unknown description>
243313at2759_1026970_0:0016e0|contig_109:15937-16291|+ -            117 243313               -            258   3.6e-39  123.9   0.0   1   1   3.6e-39     4e-39  123.8   0.0     4   116     1   117     1   117 0.90 <unknown description>
243313at2759_88036_0:0068dd|contig_109:16100-16300|+   -             67 243313               -            258   1.4e-15   46.6   0.0   1   1   1.5e-15   1.6e-15   46.4   0.0    62   119     8    67     4    67 0.89 <unknown description>
#
# Program:         hmmsearch
# Version:         3.4 (Aug 2023)
# Pipeline mode:   SEARCH
# Query file:      /data/busco_downloads/lineages/eukaryota_odb12/hmms/243313at2759.hmm
# Target file:     reports/busco_output/auto_lineage/run_eukaryota_odb12/miniprot_output/translated_proteins/243313at2759.faa
# Option settings: hmmsearch --domtblout reports/busco_output/auto_lineage/run_eukaryota_odb12/hmmer_output/243313at2759.out --cpu 1 /data/busco_downloads/lineages/eukaryota_odb12/hmms/243313at2759.hmm reports/busco_output/auto_lineage/run_eukaryota_odb12/miniprot_output/translated_proteins/243313at2759.faa 
# Current dir:     /data
# Date:            Fri Mar 27 03:05:38 2026
# [ok]
