#                                                                                                          --- full sequence --- -------------- this domain -------------   hmm coord   ali coord   env coord
# target name                                      accession   tlen query name           accession   qlen   E-value  score  bias   #  of  c-Evalue  i-Evalue  score  bias  from    to  from    to  from    to  acc description of target
#                              ------------------- ---------- ----- -------------------- ---------- ----- --------- ------ ----- --- --- --------- --------- ------ ----- ----- ----- ----- ----- ----- ----- ---- ---------------------
26184at2759_27291_0:001003|contig_299:6091-9189|-  -           1010 26184                -            901  8.1e-102  328.7   6.5   1   4   2.4e-62   2.4e-62  198.1   0.0     4   449     4   467     2   474 0.88 <unknown description>
26184at2759_27291_0:001003|contig_299:6091-9189|-  -           1010 26184                -            901  8.1e-102  328.7   6.5   2   4   9.6e-12   9.6e-12   30.7   0.0   453   552   490   589   479   601 0.89 <unknown description>
26184at2759_27291_0:001003|contig_299:6091-9189|-  -           1010 26184                -            901  8.1e-102  328.7   6.5   3   4   1.5e-09   1.5e-09   23.5   0.0   545   646   618   719   604   744 0.82 <unknown description>
26184at2759_27291_0:001003|contig_299:6091-9189|-  -           1010 26184                -            901  8.1e-102  328.7   6.5   4   4   4.6e-25   4.6e-25   74.7   2.9   686   894   780  1003   766  1008 0.74 <unknown description>
26184at2759_931890_0:0003d0|contig_299:4928-9189|- -           1018 26184                -            901   2.5e-89  287.4   8.7   1   4   1.6e-53   1.6e-53  168.9   0.0     4   449     4   471     2   478 0.89 <unknown description>
26184at2759_931890_0:0003d0|contig_299:4928-9189|- -           1018 26184                -            901   2.5e-89  287.4   8.7   2   4   7.6e-09   7.6e-09   21.1   0.0   483   548   527   591   524   603 0.90 <unknown description>
26184at2759_931890_0:0003d0|contig_299:4928-9189|- -           1018 26184                -            901   2.5e-89  287.4   8.7   3   4     1e-09     1e-09   23.9   0.0   546   645   625   724   610   731 0.79 <unknown description>
26184at2759_931890_0:0003d0|contig_299:4928-9189|- -           1018 26184                -            901   2.5e-89  287.4   8.7   4   4   2.6e-24   2.6e-24   72.2   4.3   683   894   784  1011   771  1017 0.72 <unknown description>
#
# Program:         hmmsearch
# Version:         3.4 (Aug 2023)
# Pipeline mode:   SEARCH
# Query file:      /data/busco_downloads/lineages/eukaryota_odb12/hmms/26184at2759.hmm
# Target file:     reports/busco_output/auto_lineage/run_eukaryota_odb12/miniprot_output/translated_proteins/26184at2759.faa
# Option settings: hmmsearch --domtblout reports/busco_output/auto_lineage/run_eukaryota_odb12/hmmer_output/26184at2759.out --cpu 1 /data/busco_downloads/lineages/eukaryota_odb12/hmms/26184at2759.hmm reports/busco_output/auto_lineage/run_eukaryota_odb12/miniprot_output/translated_proteins/26184at2759.faa 
# Current dir:     /data
# Date:            Fri Mar 27 03:05:38 2026
# [ok]
