#                                                                                                              --- full sequence --- -------------- this domain -------------   hmm coord   ali coord   env coord
# target name                                          accession   tlen query name           accession   qlen   E-value  score  bias   #  of  c-Evalue  i-Evalue  score  bias  from    to  from    to  from    to  acc description of target
#                                  ------------------- ---------- ----- -------------------- ---------- ----- --------- ------ ----- --- --- --------- --------- ------ ----- ----- ----- ----- ----- ----- ----- ---- ---------------------
270624at2759_27291_0:000e2e|contig_231:34449-35872|-   -            462 270624               -            304   5.3e-35  109.7   4.5   1   3   5.2e-05   8.3e-05   10.5   0.3     5    42    24    61    20    77 0.74 <unknown description>
270624at2759_27291_0:000e2e|contig_231:34449-35872|-   -            462 270624               -            304   5.3e-35  109.7   4.5   2   3   2.5e-19     4e-19   57.5   0.0    50   110    94   156    89   190 0.86 <unknown description>
270624at2759_27291_0:000e2e|contig_231:34449-35872|-   -            462 270624               -            304   5.3e-35  109.7   4.5   3   3   1.7e-14   2.7e-14   41.6   0.2   139   277   201   372   198   394 0.66 <unknown description>
270624at2759_1378263_0:001b28|contig_231:32696-35760|- -            402 270624               -            304   4.8e-33  103.2   1.4   1   3   0.00084    0.0013    6.5   0.0    18    42     4    27     1    43 0.81 <unknown description>
270624at2759_1378263_0:001b28|contig_231:32696-35760|- -            402 270624               -            304   4.8e-33  103.2   1.4   2   3   2.8e-19   4.5e-19   57.3   0.0    50   110    60   122    55   154 0.86 <unknown description>
270624at2759_1378263_0:001b28|contig_231:32696-35760|- -            402 270624               -            304   4.8e-33  103.2   1.4   3   3     8e-13   1.3e-12   36.1   0.2   139   276   167   339   165   361 0.67 <unknown description>
270624at2759_58627_0:000b92|contig_231:34709-35774|-   -            349 270624               -            304   1.1e-31   98.8   3.0   1   3   0.00025    0.0004    8.2   0.1    10    42     1    31     1    47 0.78 <unknown description>
270624at2759_58627_0:000b92|contig_231:34709-35774|-   -            349 270624               -            304   1.1e-31   98.8   3.0   2   3   1.6e-19   2.6e-19   58.1   0.0    50   110    64   126    59   157 0.86 <unknown description>
270624at2759_58627_0:000b92|contig_231:34709-35774|-   -            349 270624               -            304   1.1e-31   98.8   3.0   3   3   2.9e-11   4.7e-11   31.0   0.1   139   257   171   314   168   346 0.65 <unknown description>
270624at2759_110093_0:001185|contig_231:35100-35564|-  -            154 270624               -            304   3.7e-26   80.6   1.3   1   1   1.1e-24   1.8e-24   75.1   1.3    55   181     1   153     1   154 0.65 <unknown description>
270624at2759_1734106_0:000f04|contig_231:35218-35564|- -            115 270624               -            304   1.3e-21   65.7   2.3   1   1   3.9e-20   6.3e-20   60.1   2.3    55   149     1   114     1   115 0.61 <unknown description>
#
# Program:         hmmsearch
# Version:         3.4 (Aug 2023)
# Pipeline mode:   SEARCH
# Query file:      /data/busco_downloads/lineages/eukaryota_odb12/hmms/270624at2759.hmm
# Target file:     reports/busco_output/auto_lineage/run_eukaryota_odb12/miniprot_output/translated_proteins/270624at2759.faa
# Option settings: hmmsearch --domtblout reports/busco_output/auto_lineage/run_eukaryota_odb12/hmmer_output/270624at2759.out --cpu 1 /data/busco_downloads/lineages/eukaryota_odb12/hmms/270624at2759.hmm reports/busco_output/auto_lineage/run_eukaryota_odb12/miniprot_output/translated_proteins/270624at2759.faa 
# Current dir:     /data
# Date:            Fri Mar 27 03:05:38 2026
# [ok]
