#                                                                                                        --- full sequence --- -------------- this domain -------------   hmm coord   ali coord   env coord
# target name                                    accession   tlen query name           accession   qlen   E-value  score  bias   #  of  c-Evalue  i-Evalue  score  bias  from    to  from    to  from    to  acc description of target
#                            ------------------- ---------- ----- -------------------- ---------- ----- --------- ------ ----- --- --- --------- --------- ------ ----- ----- ----- ----- ----- ----- ----- ---- ---------------------
2877at2759_4950_0:000294|contig_17:1262-2078|-   -            267 2877                 -            178   5.5e-49  155.2   0.0   1   2   1.1e-48   1.2e-48  154.1   0.0     1   163    33   205    33   223 0.88 <unknown description>
2877at2759_4950_0:000294|contig_17:1262-2078|-   -            267 2877                 -            178   5.5e-49  155.2   0.0   2   2      0.71      0.79   -1.7   0.0   159   177   232   250   211   251 0.82 <unknown description>
2877at2759_45513_0:000637|contig_17:460-2078|-   -            422 2877                 -            178   5.7e-44  138.8   0.0   1   1   7.2e-44   8.1e-44  138.3   0.0     1   163    33   206    33   221 0.88 <unknown description>
2877at2759_261658_0:0002d4|contig_17:1458-2078|- -            207 2877                 -            178   5.8e-42  132.3   0.0   1   1   7.6e-42   8.5e-42  131.8   0.0     2   158    36   204    35   207 0.88 <unknown description>
2877at2759_8845_0:0031c1|contig_17:1262-4865|-   -            317 2877                 -            178   6.1e-42  132.2   0.0   1   1   8.4e-42   9.5e-42  131.6   0.0     2   163    81   254    80   269 0.88 <unknown description>
2877at2759_655863_0:001ae9|contig_17:1253-1862|- -            202 2877                 -            178   2.8e-41  130.1   0.0   1   1     3e-41   3.4e-41  129.8   0.0    44   163    14   136     1   153 0.87 <unknown description>
2877at2759_83891_0:001f44|contig_17:1455-1784|-  -            109 2877                 -            178   1.7e-38  121.0   0.0   1   1   1.7e-38   1.9e-38  120.9   0.0    57   159     1   106     1   109 0.94 <unknown description>
2877at2759_280463_0:008106|contig_17:1595-2078|- -            162 2877                 -            178   2.3e-34  107.5   0.0   1   1   3.3e-34   3.7e-34  106.9   0.0     2   119    36   162    35   162 0.89 <unknown description>
2877at2759_100784_0:003a6e|contig_17:1634-1976|- -            115 2877                 -            178     1e-29   92.4   0.0   1   1     1e-29   1.2e-29   92.2   0.0     2   105     2   113     1   115 0.88 <unknown description>
#
# Program:         hmmsearch
# Version:         3.4 (Aug 2023)
# Pipeline mode:   SEARCH
# Query file:      /data/busco_downloads/lineages/eukaryota_odb12/hmms/2877at2759.hmm
# Target file:     reports/busco_output/auto_lineage/run_eukaryota_odb12/miniprot_output/translated_proteins/2877at2759.faa
# Option settings: hmmsearch --domtblout reports/busco_output/auto_lineage/run_eukaryota_odb12/hmmer_output/2877at2759.out --cpu 1 /data/busco_downloads/lineages/eukaryota_odb12/hmms/2877at2759.hmm reports/busco_output/auto_lineage/run_eukaryota_odb12/miniprot_output/translated_proteins/2877at2759.faa 
# Current dir:     /data
# Date:            Fri Mar 27 03:05:38 2026
# [ok]
