#                                                                                                             --- full sequence --- -------------- this domain -------------   hmm coord   ali coord   env coord
# target name                                         accession   tlen query name           accession   qlen   E-value  score  bias   #  of  c-Evalue  i-Evalue  score  bias  from    to  from    to  from    to  acc description of target
#                                 ------------------- ---------- ----- -------------------- ---------- ----- --------- ------ ----- --- --- --------- --------- ------ ----- ----- ----- ----- ----- ----- ----- ---- ---------------------
3142434at2759_27291_0:00025d|contig_17:11036-13819|-  -            909 3142434              -            818  1.1e-273  899.5   3.0   1   1  1.2e-273  1.3e-273  899.3   3.0     1   812     2   842     2   848 0.90 <unknown description>
3142434at2759_54383_0:000be7|contig_17:11416-13588|-  -            714 3142434              -            818  1.8e-211  693.8   0.3   1   1  1.8e-211    2e-211  693.6   0.3    75   757     2   714     1   714 0.88 <unknown description>
3142434at2759_7868_0:0013f9|contig_17:11812-16851|-   -            671 3142434              -            818  6.7e-197  645.6   3.1   1   1  7.4e-197  8.1e-197  645.3   3.1     1   623    13   656    13   670 0.88 <unknown description>
3142434at2759_79200_0:006033|contig_17:11982-13813|-  -            602 3142434              -            818  2.1e-188  617.5   3.6   1   1  2.2e-188  2.4e-188  617.3   3.6     3   581     2   602     1   602 0.90 <unknown description>
3142434at2759_559305_0:0010be|contig_17:11329-12892|- -            514 3142434              -            818  5.7e-174  569.7   0.4   1   1  5.9e-174  6.5e-174  569.5   0.4   286   759     2   487     1   513 0.92 <unknown description>
3142434at2759_7010_0:0049fa|contig_17:11550-12769|-   -            375 3142434              -            818  4.9e-126  411.2   0.8   1   1  3.6e-124  3.9e-124  404.9   0.8   326   715     2   375     1   375 0.92 <unknown description>
3142434at2759_8208_0:001316|contig_17:11492-12411|-   -            303 3142434              -            818   2.5e-97  316.2   0.0   1   1   2.7e-97   2.9e-97  316.0   0.0   445   732     4   301     2   302 0.92 <unknown description>
3142434at2759_8208_0:0026b7|contig_17:12706-13819|-   -            367 3142434              -            818   7.4e-94  304.7   0.1   1   1   7.7e-94   8.4e-94  304.5   0.1     1   345     2   367     2   367 0.85 <unknown description>
3142434at2759_7070_0:0030ab|contig_17:11416-12075|-   -            217 3142434              -            818   6.7e-65  209.0   0.0   1   1   6.8e-65   7.4e-65  208.8   0.0   550   757     1   217     1   217 0.90 <unknown description>
3142434at2759_7054_0:003c9a|contig_17:13140-13819|-   -            224 3142434              -            818   1.2e-64  208.2   0.1   1   1   1.2e-64   1.3e-64  208.0   0.1     1   215     2   222     2   224 0.90 <unknown description>
3142434at2759_526221_0:001761|contig_17:12381-12769|- -            128 3142434              -            818   5.9e-49  156.2   0.6   1   1   6.5e-49   7.1e-49  155.9   0.6   326   449     2   125     1   127 0.93 <unknown description>
#
# Program:         hmmsearch
# Version:         3.4 (Aug 2023)
# Pipeline mode:   SEARCH
# Query file:      /data/busco_downloads/lineages/eukaryota_odb12/hmms/3142434at2759.hmm
# Target file:     reports/busco_output/auto_lineage/run_eukaryota_odb12/miniprot_output/translated_proteins/3142434at2759.faa
# Option settings: hmmsearch --domtblout reports/busco_output/auto_lineage/run_eukaryota_odb12/hmmer_output/3142434at2759.out --cpu 1 /data/busco_downloads/lineages/eukaryota_odb12/hmms/3142434at2759.hmm reports/busco_output/auto_lineage/run_eukaryota_odb12/miniprot_output/translated_proteins/3142434at2759.faa 
# Current dir:     /data
# Date:            Fri Mar 27 03:05:38 2026
# [ok]
