#                                                                                                            --- full sequence --- -------------- this domain -------------   hmm coord   ali coord   env coord
# target name                                        accession   tlen query name           accession   qlen   E-value  score  bias   #  of  c-Evalue  i-Evalue  score  bias  from    to  from    to  from    to  acc description of target
#                                ------------------- ---------- ----- -------------------- ---------- ----- --------- ------ ----- --- --- --------- --------- ------ ----- ----- ----- ----- ----- ----- ----- ---- ---------------------
3370at2759_27291_0:00115c|contig_267:25586-27475|-   -            617 3370                 -            392     5e-64  207.2   6.1   1   2   2.2e-54   2.6e-54  175.2   2.6    52   294   224   468   172   482 0.81 <unknown description>
3370at2759_27291_0:00115c|contig_267:25586-27475|-   -            617 3370                 -            392     5e-64  207.2   6.1   2   2   2.9e-11   3.5e-11   33.2   0.1   305   361   505   563   474   586 0.85 <unknown description>
3370at2759_984485_0:0014c5|contig_267:25626-26915|-  -            424 3370                 -            392   6.4e-58  187.1   2.9   1   2     8e-52   9.6e-52  166.7   0.4    52   295    40   287     7   305 0.81 <unknown description>
3370at2759_984485_0:0014c5|contig_267:25626-26915|-  -            424 3370                 -            392   6.4e-58  187.1   2.9   2   2   1.7e-07   2.1e-07   20.8   0.1   315   361   335   383   308   406 0.84 <unknown description>
3370at2759_8005_0:0044ed|contig_267:26223-26930|-    -            234 3370                 -            392   5.5e-42  134.6   1.1   1   1   1.4e-41   1.6e-41  133.1   1.1    52   244    45   233     2   234 0.84 <unknown description>
3370at2759_181472_0:003d4e|contig_259:5946-7185|+    -            407 3370                 -            392   9.6e-41  130.5   0.6   1   1   2.9e-40   3.4e-40  128.7   0.6    45   349   100   406    81   407 0.74 <unknown description>
3370at2759_1182545_0:001b28|contig_267:18459-26915|- -            306 3370                 -            392   2.7e-40  129.0   0.1   1   1   3.3e-40   3.9e-40  128.5   0.1    52   233    40   216     6   224 0.84 <unknown description>
3370at2759_7868_0:001e93|contig_118:5579-6492|-      -            302 3370                 -            392   4.9e-39  124.9   0.0   1   1   1.4e-38   1.6e-38  123.2   0.0    57   350     1   301     1   302 0.81 <unknown description>
3370at2759_54092_0:000e4e|contig_267:26412-26915|-   -            166 3370                 -            392   3.5e-37  118.8   0.1   1   1   3.5e-37   4.2e-37  118.5   0.1    52   176    40   165     3   166 0.86 <unknown description>
3370at2759_578457_0:001a67|contig_259:6544-7185|+    -            211 3370                 -            392   4.8e-37  118.3   0.2   1   1   7.1e-37   8.5e-37  117.5   0.2   139   349     1   210     1   211 0.81 <unknown description>
3370at2759_327740_0:0008bc|contig_118:5585-6236|-    -            215 3370                 -            392   1.4e-36  116.8   0.0   1   1   1.5e-36   1.8e-36  116.5   0.0   137   348     2   214     1   215 0.87 <unknown description>
3370at2759_214684_0:0006de|contig_267:26412-26783|-  -            122 3370                 -            392     4e-36  115.3   0.0   1   1   3.7e-36   4.5e-36  115.2   0.0    57   176     1   121     1   122 0.87 <unknown description>
3370at2759_9940_0:003cc3|contig_267:26506-26876|-    -            123 3370                 -            392     1e-25   81.0   0.1   1   1   9.5e-26   1.1e-25   80.9   0.1    53   145    28   122     6   123 0.81 <unknown description>
3370at2759_1159556_0:0017f1|contig_259:3663-7182|+   -            133 3370                 -            392   8.6e-20   61.5   0.0   1   1   8.2e-20   9.7e-20   61.4   0.0   274   349    51   133    38   133 0.73 <unknown description>
3370at2759_1182541_0:001c27|contig_267:26595-26915|- -            107 3370                 -            392   2.6e-19   59.9   0.2   1   1   2.9e-19   3.5e-19   59.5   0.2    52   107    40    96     3   103 0.79 <unknown description>
3370at2759_7897_0:00034e|contig_267:26663-26927|-    -             89 3370                 -            392   1.8e-17   53.9   0.2   1   1   1.9e-17   2.3e-17   53.5   0.2    52    94    44    88     1    89 0.72 <unknown description>
3370at2759_225400_0:002ca9|contig_267:26663-26783|-  -             41 3370                 -            392   8.1e-17   51.7   0.1   1   1   7.2e-17   8.6e-17   51.7   0.1    57    94     1    40     1    41 0.92 <unknown description>
3370at2759_2614577_0:0006b1|contig_267:26663-27343|- -            226 3370                 -            392   8.4e-17   51.7   0.2   1   1   1.2e-16   1.4e-16   50.9   0.2    52    94   181   225   125   226 0.67 <unknown description>
3370at2759_2015173_0:00097f|contig_35:26325-26547|+  -             75 3370                 -            392   4.1e-16   49.4   0.0   1   1   3.8e-16   4.6e-16   49.3   0.0   302   349    22    70     8    73 0.87 <unknown description>
3370at2759_1537102_0:0004f7|contig_118:5576-5787|-   -             71 3370                 -            392   1.8e-14   44.0   0.0   1   1   1.6e-14   1.8e-14   44.0   0.0   289   350     3    69     1    71 0.81 <unknown description>
3370at2759_4442_0:00bc38|contig_118:6130-6236|-      -             36 3370                 -            392   2.7e-13   40.2   0.0   1   1   2.3e-13   2.8e-13   40.1   0.0   137   169     2    35     1    35 0.92 <unknown description>
3370at2759_7010_0:0043ea|contig_423:41248-41440|+    -             65 3370                 -            392   7.8e-13   38.6   0.2   1   1     7e-13   8.3e-13   38.5   0.2    56   108     2    54     1    62 0.92 <unknown description>
3370at2759_75366_0:004d3b|contig_149:11750-11857|-   -             36 3370                 -            392   2.8e-09   26.9   0.0   1   1   2.4e-09   2.9e-09   26.9   0.0   326   358     2    33     1    35 0.89 <unknown description>
#
# Program:         hmmsearch
# Version:         3.4 (Aug 2023)
# Pipeline mode:   SEARCH
# Query file:      /data/busco_downloads/lineages/eukaryota_odb12/hmms/3370at2759.hmm
# Target file:     reports/busco_output/auto_lineage/run_eukaryota_odb12/miniprot_output/translated_proteins/3370at2759.faa
# Option settings: hmmsearch --domtblout reports/busco_output/auto_lineage/run_eukaryota_odb12/hmmer_output/3370at2759.out --cpu 1 /data/busco_downloads/lineages/eukaryota_odb12/hmms/3370at2759.hmm reports/busco_output/auto_lineage/run_eukaryota_odb12/miniprot_output/translated_proteins/3370at2759.faa 
# Current dir:     /data
# Date:            Fri Mar 27 03:05:38 2026
# [ok]
