#                                                                                                            --- full sequence --- -------------- this domain -------------   hmm coord   ali coord   env coord
# target name                                        accession   tlen query name           accession   qlen   E-value  score  bias   #  of  c-Evalue  i-Evalue  score  bias  from    to  from    to  from    to  acc description of target
#                                ------------------- ---------- ----- -------------------- ---------- ----- --------- ------ ----- --- --- --------- --------- ------ ----- ----- ----- ----- ----- ----- ----- ---- ---------------------
407922at2759_27291_0:000e4c|contig_315:1228-3987|+   -            901 407922               -            925  1.1e-163  536.0   7.5   1   1  3.4e-163  3.4e-163  534.3   7.5     2   912     2   895     1   900 0.81 <unknown description>
407922at2759_763406_0:00016b|contig_315:1228-10168|+ -            886 407922               -            925  2.9e-149  488.2   5.9   1   2  1.4e-143  1.4e-143  469.4   0.2     3   746     3   730     1   735 0.82 <unknown description>
407922at2759_763406_0:00016b|contig_315:1228-10168|+ -            886 407922               -            925  2.9e-149  488.2   5.9   2   2   4.6e-08   4.6e-08   21.0   1.2   797   910   754   871   742   881 0.80 <unknown description>
407922at2759_1380566_0:000054|contig_315:1267-3446|+ -            719 407922               -            925  4.1e-143  467.9   0.6   1   1  5.5e-143  5.5e-143  467.5   0.6    41   746    32   718     1   719 0.82 <unknown description>
407922at2759_7054_0:0047e2|contig_315:1420-3102|+    -            555 407922               -            925  2.2e-115  376.1   2.0   1   1  3.3e-115  3.3e-115  375.5   2.0    67   636    19   554     5   555 0.83 <unknown description>
407922at2759_214684_0:00173e|contig_315:2267-3446|+  -            390 407922               -            925  4.5e-106  345.3   0.4   1   1  5.2e-106  5.2e-106  345.1   0.4   359   746     1   389     1   390 0.90 <unknown description>
407922at2759_106335_0:002f14|contig_315:2439-3326|+  -            292 407922               -            925   1.6e-91  297.1   0.9   1   1   1.8e-91   1.8e-91  297.0   0.9   417   714     1   290     1   292 0.90 <unknown description>
407922at2759_1295533_0:0013dd|contig_315:2267-3127|+ -            284 407922               -            925   5.6e-89  288.7   0.1   1   1   6.2e-89   6.2e-89  288.6   0.1   359   644     1   282     1   284 0.92 <unknown description>
407922at2759_28588_0:000b90|contig_315:2439-3102|+   -            218 407922               -            925     4e-77  249.5   0.5   1   1   4.5e-77   4.5e-77  249.3   0.5   417   636     1   217     1   218 0.91 <unknown description>
407922at2759_52670_0:005ac0|contig_315:2267-2880|+   -            204 407922               -            925   5.1e-49  156.5   0.0   1   1   5.6e-49   5.6e-49  156.3   0.0   359   557     1   200     1   204 0.90 <unknown description>
407922at2759_57421_0:002334|contig_315:1438-1732|+   -             98 407922               -            925   1.2e-24   75.8   0.0   1   1   1.3e-24   1.3e-24   75.8   0.0    68   152    14    96     2    98 0.88 <unknown description>
407922at2759_2897299_0:001c15|contig_315:1267-1676|+ -            137 407922               -            925   1.4e-22   69.0   0.0   1   1   2.2e-22   2.2e-22   68.3   0.0    40   134    31   136     1   137 0.77 <unknown description>
407922at2759_74649_0:0075da|contig_76:8194-8946|-    -            118 407922               -            925   2.6e-21   64.8   6.3   1   1   7.2e-21   7.2e-21   63.3   4.6   118   220    23   116    12   118 0.69 <unknown description>
#
# Program:         hmmsearch
# Version:         3.4 (Aug 2023)
# Pipeline mode:   SEARCH
# Query file:      /data/busco_downloads/lineages/eukaryota_odb12/hmms/407922at2759.hmm
# Target file:     reports/busco_output/auto_lineage/run_eukaryota_odb12/miniprot_output/translated_proteins/407922at2759.faa
# Option settings: hmmsearch --domtblout reports/busco_output/auto_lineage/run_eukaryota_odb12/hmmer_output/407922at2759.out --cpu 1 /data/busco_downloads/lineages/eukaryota_odb12/hmms/407922at2759.hmm reports/busco_output/auto_lineage/run_eukaryota_odb12/miniprot_output/translated_proteins/407922at2759.faa 
# Current dir:     /data
# Date:            Fri Mar 27 03:05:38 2026
# [ok]
