#                                                                                                             --- full sequence --- -------------- this domain -------------   hmm coord   ali coord   env coord
# target name                                         accession   tlen query name           accession   qlen   E-value  score  bias   #  of  c-Evalue  i-Evalue  score  bias  from    to  from    to  from    to  acc description of target
#                                 ------------------- ---------- ----- -------------------- ---------- ----- --------- ------ ----- --- --- --------- --------- ------ ----- ----- ----- ----- ----- ----- ----- ---- ---------------------
422663at2759_27291_0:000c20|contig_298:4761-6916|-    -            705 422663               -            669  2.1e-112  367.7   0.3   1   1  2.6e-112    3e-112  367.2   0.3     2   644     5   693     4   704 0.81 <unknown description>
422663at2759_983966_0:0014f5|contig_298:4863-6389|-   -            454 422663               -            669   1.5e-87  285.5   0.0   1   1   3.7e-87   4.3e-87  284.0   0.0   132   621     3   452     1   454 0.84 <unknown description>
422663at2759_5454_0:001db6|contig_298:4866-7712|-     -            607 422663               -            669   1.9e-87  285.2   0.0   1   1   4.6e-87   5.4e-87  283.7   0.0    52   621    25   606    11   607 0.78 <unknown description>
422663at2759_157072_0:00138a|contig_118:5588-6551|-   -            318 422663               -            669   2.3e-69  225.4   2.4   1   1   8.3e-66   9.6e-66  213.5   2.4   111   492     2   317     1   318 0.88 <unknown description>
422663at2759_7160_0:003d7c|contig_298:5285-6395|-     -            368 422663               -            669   2.3e-63  205.6   0.0   1   1   4.7e-63   5.4e-63  204.4   0.0   130   491     3   365     1   367 0.79 <unknown description>
422663at2759_51240_0:0003d0|contig_118:6005-6557|-    -            182 422663               -            669   1.7e-55  179.7   0.1   1   1   1.6e-55   1.8e-55  179.5   0.1   108   307     1   182     1   182 0.94 <unknown description>
422663at2759_188132_0:0020db|contig_259:3639-7191|+   -            442 422663               -            669   5.1e-55  178.1   5.1   1   2   2.6e-32     3e-32  102.8   2.6    21   323    30   317     7   332 0.72 <unknown description>
422663at2759_188132_0:0020db|contig_259:3639-7191|+   -            442 422663               -            669   5.1e-55  178.1   5.1   2   2   8.2e-24   9.5e-24   74.7   0.0   426   495   373   440   355   441 0.91 <unknown description>
422663at2759_13489_0:005a81|contig_259:5970-7191|+    -            403 422663               -            669   1.2e-54  176.8   0.3   1   2   8.2e-32   9.5e-32  101.1   0.2    65   323    37   278     1   293 0.76 <unknown description>
422663at2759_13489_0:005a81|contig_259:5970-7191|+    -            403 422663               -            669   1.2e-54  176.8   0.3   2   2   1.7e-23     2e-23   73.6   0.0   428   495   336   401   332   402 0.93 <unknown description>
422663at2759_70779_0:000519|contig_118:5564-6248|-    -            226 422663               -            669   3.2e-53  172.1   1.0   1   1   6.8e-50   7.9e-50  160.9   1.0   218   496     3   220     1   224 0.89 <unknown description>
422663at2759_578459_0:00194b|contig_298:4875-5762|-   -            265 422663               -            669   2.3e-47  152.8   0.0   1   1   2.5e-47   2.9e-47  152.4   0.0   352   619     1   265     1   265 0.76 <unknown description>
422663at2759_286706_0:00032b|contig_259:6550-7191|+   -            211 422663               -            669   5.4e-46  148.2   0.0   1   2   1.6e-22   1.8e-22   70.5   0.0   225   323     1    86     1   102 0.87 <unknown description>
422663at2759_286706_0:00032b|contig_259:6550-7191|+   -            211 422663               -            669   5.4e-46  148.2   0.0   2   2   3.6e-24   4.2e-24   75.9   0.0   427   495   143   209   139   210 0.94 <unknown description>
422663at2759_4442_0:002d98|contig_118:6005-6315|-     -            103 422663               -            669   2.6e-36  116.2   0.5   1   1   2.6e-36     3e-36  116.0   0.5   200   307     7   103     4   103 0.97 <unknown description>
422663at2759_58627_0:000333|contig_298:4863-5514|-    -            217 422663               -            669   5.4e-35  111.9   0.0   1   1   7.9e-35   9.2e-35  111.1   0.0   424   621     3   215     1   217 0.77 <unknown description>
422663at2759_52670_0:0038ba|contig_267:26438-27346|-  -            225 422663               -            669   4.9e-25   79.0   0.4   1   1   5.3e-25   6.2e-25   78.6   0.4    33   254    18   225     1   225 0.69 <unknown description>
422663at2759_1562060_0:0007bb|contig_35:25436-26556|+ -            342 422663               -            669   9.2e-25   78.1   1.4   1   3   2.9e-06   3.4e-06   16.7   0.0   134   151     1    18     1    23 0.92 <unknown description>
422663at2759_1562060_0:0007bb|contig_35:25436-26556|+ -            342 422663               -            669   9.2e-25   78.1   1.4   2   3   0.00057   0.00066    9.1   0.1   218   256    59   101    55   119 0.74 <unknown description>
422663at2759_1562060_0:0007bb|contig_35:25436-26556|+ -            342 422663               -            669   9.2e-25   78.1   1.4   3   3     3e-16   3.4e-16   49.7   0.0   447   494   287   334   275   337 0.93 <unknown description>
422663at2759_63436_0:0019fe|contig_118:5564-5870|-    -            102 422663               -            669   4.3e-24   75.8   0.0   1   2    0.0064    0.0074    5.7   0.0   376   397     2    23     1    27 0.89 <unknown description>
422663at2759_63436_0:0019fe|contig_118:5564-5870|-    -            102 422663               -            669   4.3e-24   75.8   0.0   2   2     5e-22   5.8e-22   68.8   0.0   424   496    26    96    23   100 0.90 <unknown description>
422663at2759_1810919_0:002c5f|contig_259:6986-7185|+  -             66 422663               -            669   1.3e-23   74.2   0.0   1   1   1.2e-23   1.4e-23   74.1   0.0   428   494     1    65     1    66 0.94 <unknown description>
422663at2759_9117_0:002fce|contig_267:26435-26930|-   -            164 422663               -            669   4.5e-22   69.2   0.1   1   1   4.9e-22   5.7e-22   68.8   0.1   101   254    24   163     3   163 0.75 <unknown description>
422663at2759_7888_0:005385|contig_267:26435-26783|-   -            115 422663               -            669   1.1e-21   67.9   0.1   1   1   1.3e-21   1.5e-21   67.4   0.1   131   254     1   114     1   114 0.82 <unknown description>
422663at2759_71804_0:00049b|contig_298:5243-5511|-    -             90 422663               -            669   7.8e-20   61.8   0.0   1   1   7.2e-20   8.4e-20   61.7   0.0   424   508     2    89     1    90 0.85 <unknown description>
422663at2759_7998_0:004841|contig_267:26506-26897|-   -            130 422663               -            669   2.5e-19   60.1   0.2   1   1   2.6e-19     3e-19   59.8   0.2   130   229    38   129     2   130 0.78 <unknown description>
422663at2759_103944_0:003d01|contig_267:26506-26783|- -             92 422663               -            669   6.5e-19   58.7   0.9   1   1   7.6e-19   8.8e-19   58.3   0.9   131   229     1    91     1    92 0.82 <unknown description>
422663at2759_294128_0:0003ec|contig_229:490-648|+     -             53 422663               -            669   8.2e-19   58.4   0.0   1   1   7.5e-19   8.7e-19   58.3   0.0   445   498     1    53     1    53 0.96 <unknown description>
422663at2759_30069_0:002edb|contig_118:5564-5709|-    -             49 422663               -            669   4.5e-18   55.9   0.1   1   1   3.9e-18   4.5e-18   55.9   0.1   453   497     1    44     1    48 0.91 <unknown description>
422663at2759_10129_0:001d18|contig_423:41218-41637|+  -            140 422663               -            669   5.1e-17   52.5   1.3   1   2   1.1e-13   1.2e-13   41.3   0.3   119   190     2    65     1    86 0.87 <unknown description>
422663at2759_10129_0:001d18|contig_423:41218-41637|+  -            140 422663               -            669   5.1e-17   52.5   1.3   2   2   0.00025    0.0003   10.3   0.0   243   268   114   139    98   140 0.92 <unknown description>
422663at2759_54955_0:005881|contig_267:26598-26780|-  -             61 422663               -            669   1.8e-16   50.7   1.1   1   1   1.6e-16   1.9e-16   50.6   1.1   132   197     1    60     1    61 0.93 <unknown description>
422663at2759_9713_0:00372b|contig_267:26663-26858|-   -             66 422663               -            669   5.4e-15   45.8   0.1   1   1   4.6e-15   5.4e-15   45.8   0.1   130   175    25    65     5    66 0.90 <unknown description>
422663at2759_9755_0:0025fc|contig_423:41218-41404|+   -             63 422663               -            669     5e-14   42.6   0.7   1   1   7.3e-14   8.5e-14   41.8   0.7   119   187     2    62     1    63 0.93 <unknown description>
422663at2759_13642_0:0010ec|contig_118:5564-5756|-    -             65 422663               -            669     7e-13   38.8   0.0   1   1     6e-13     7e-13   38.8   0.0   438   497     2    60     1    64 0.84 <unknown description>
422663at2759_61395_0:0006cb|contig_35:46754-46985|+   -             78 422663               -            669   2.6e-12   36.9   0.1   1   1   2.4e-12   2.8e-12   36.8   0.1   241   324     2    74     1    78 0.81 <unknown description>
422663at2759_28377_0:004a2d|contig_298:4875-4956|-    -             28 422663               -            669   6.1e-12   35.7   0.4   1   1   5.2e-12   6.1e-12   35.7   0.4   593   619     2    28     1    28 0.94 <unknown description>
#
# Program:         hmmsearch
# Version:         3.4 (Aug 2023)
# Pipeline mode:   SEARCH
# Query file:      /data/busco_downloads/lineages/eukaryota_odb12/hmms/422663at2759.hmm
# Target file:     reports/busco_output/auto_lineage/run_eukaryota_odb12/miniprot_output/translated_proteins/422663at2759.faa
# Option settings: hmmsearch --domtblout reports/busco_output/auto_lineage/run_eukaryota_odb12/hmmer_output/422663at2759.out --cpu 1 /data/busco_downloads/lineages/eukaryota_odb12/hmms/422663at2759.hmm reports/busco_output/auto_lineage/run_eukaryota_odb12/miniprot_output/translated_proteins/422663at2759.faa 
# Current dir:     /data
# Date:            Fri Mar 27 03:05:39 2026
# [ok]
