#                                                                                                             --- full sequence --- -------------- this domain -------------   hmm coord   ali coord   env coord
# target name                                         accession   tlen query name           accession   qlen   E-value  score  bias   #  of  c-Evalue  i-Evalue  score  bias  from    to  from    to  from    to  acc description of target
#                                 ------------------- ---------- ----- -------------------- ---------- ----- --------- ------ ----- --- --- --------- --------- ------ ----- ----- ----- ----- ----- ----- ----- ---- ---------------------
445326at2759_983966_0:000b05|contig_55:21406-22546|-  -            376 445326               -            419   2.6e-63  204.7  24.5   1   2   8.5e-07   2.5e-06   17.0   3.9   123   170     1    46     1    54 0.81 <unknown description>
445326at2759_983966_0:000b05|contig_55:21406-22546|-  -            376 445326               -            419   2.6e-63  204.7  24.5   2   2   1.9e-60   5.8e-60  193.7  12.7   148   371    63   287    59   323 0.92 <unknown description>
445326at2759_27291_0:000b39|contig_55:21406-23175|-   -            581 445326               -            419   5.2e-60  193.9  39.5   1   3      0.62       1.9   -2.3   2.4   126   161   111   146    91   163 0.33 <unknown description>
445326at2759_27291_0:000b39|contig_55:21406-23175|-   -            581 445326               -            419   5.2e-60  193.9  39.5   2   3   1.3e-07     4e-07   19.6  15.2    77   167   157   248   137   251 0.75 <unknown description>
445326at2759_27291_0:000b39|contig_55:21406-23175|-   -            581 445326               -            419   5.2e-60  193.9  39.5   3   3   3.1e-57   9.4e-57  183.1  15.3   121   371   245   492   237   527 0.87 <unknown description>
445326at2759_1378263_0:0018c7|contig_55:21614-22297|- -            226 445326               -            419   1.5e-54  175.9   3.3   1   1   5.8e-55   1.7e-54  175.7   3.3   172   373     5   208     1   214 0.92 <unknown description>
445326at2759_8245_0:0002b8|contig_55:21676-22546|-    -            288 445326               -            419   1.5e-53  172.5  16.2   1   2   5.7e-07   1.7e-06   17.5   3.9   123   170     1    46     1    54 0.81 <unknown description>
445326at2759_8245_0:0002b8|contig_55:21676-22546|-    -            288 445326               -            419   1.5e-53  172.5  16.2   2   2   1.6e-50   4.8e-50  161.0   4.5   148   369    63   286    59   288 0.93 <unknown description>
445326at2759_1750568_0:002100|contig_55:21691-22099|- -            136 445326               -            419   9.3e-42  133.7   4.0   1   1   3.4e-42     1e-41  133.6   4.0   235   365     1   135     1   136 0.93 <unknown description>
445326at2759_370355_0:000cbf|contig_55:21861-22282|-  -            140 445326               -            419   1.1e-33  107.2   8.2   1   1   3.9e-34   1.2e-33  107.0   8.2   173   309     1   139     1   139 0.90 <unknown description>
#
# Program:         hmmsearch
# Version:         3.4 (Aug 2023)
# Pipeline mode:   SEARCH
# Query file:      /data/busco_downloads/lineages/eukaryota_odb12/hmms/445326at2759.hmm
# Target file:     reports/busco_output/auto_lineage/run_eukaryota_odb12/miniprot_output/translated_proteins/445326at2759.faa
# Option settings: hmmsearch --domtblout reports/busco_output/auto_lineage/run_eukaryota_odb12/hmmer_output/445326at2759.out --cpu 1 /data/busco_downloads/lineages/eukaryota_odb12/hmms/445326at2759.hmm reports/busco_output/auto_lineage/run_eukaryota_odb12/miniprot_output/translated_proteins/445326at2759.faa 
# Current dir:     /data
# Date:            Fri Mar 27 03:05:38 2026
# [ok]
