#                                                                                                            --- full sequence --- -------------- this domain -------------   hmm coord   ali coord   env coord
# target name                                        accession   tlen query name           accession   qlen   E-value  score  bias   #  of  c-Evalue  i-Evalue  score  bias  from    to  from    to  from    to  acc description of target
#                                ------------------- ---------- ----- -------------------- ---------- ----- --------- ------ ----- --- --- --------- --------- ------ ----- ----- ----- ----- ----- ----- ----- ---- ---------------------
5414888at2759_27291_0:000ebf|contig_231:277-1638|+   -            444 5414888              -            782   5.9e-68  217.9   0.9   1   1   2.1e-67   2.1e-67  216.1   0.9   356   770    23   442    17   443 0.86 <unknown description>
5414888at2759_94328_0:0001eb|contig_231:831-1603|+   -            219 5414888              -            782   1.6e-38  120.6   3.9   1   2   7.9e-20   7.9e-20   58.8   0.2   526   631     7   113     1   123 0.89 <unknown description>
5414888at2759_94328_0:0001eb|contig_231:831-1603|+   -            219 5414888              -            782   1.6e-38  120.6   3.9   2   2   3.2e-21   3.2e-21   63.4   0.5   673   759   133   218   126   218 0.92 <unknown description>
5414888at2759_1080233_0:003cce|contig_40:2064-2560|- -            116 5414888              -            782   5.6e-22   65.9   0.8   1   1   6.2e-22   6.2e-22   65.8   0.8   479   588    10   115     2   116 0.93 <unknown description>
5414888at2759_1396493_0:0021f6|contig_76:8200-8739|- -             93 5414888              -            782   9.4e-19   55.2   5.5   1   1     2e-05     2e-05   11.1   0.1   381   407     1    25     1    26 0.82 <unknown description>
5414888at2759_103944_0:001e9f|contig_76:8778-9204|-  -            143 5414888              -            782     2e-16   47.6   0.5   1   1   2.3e-16   2.3e-16   47.3   0.5   450   546    37   142    28   143 0.89 <unknown description>
5414888at2759_61221_0:003c07|contig_76:8778-9087|-   -            104 5414888              -            782   2.9e-16   47.0   0.8   1   1   3.1e-16   3.1e-16   46.9   0.8   455   546     3   103     1   104 0.90 <unknown description>
#
# Program:         hmmsearch
# Version:         3.4 (Aug 2023)
# Pipeline mode:   SEARCH
# Query file:      /data/busco_downloads/lineages/eukaryota_odb12/hmms/5414888at2759.hmm
# Target file:     reports/busco_output/auto_lineage/run_eukaryota_odb12/miniprot_output/translated_proteins/5414888at2759.faa
# Option settings: hmmsearch --domtblout reports/busco_output/auto_lineage/run_eukaryota_odb12/hmmer_output/5414888at2759.out --cpu 1 /data/busco_downloads/lineages/eukaryota_odb12/hmms/5414888at2759.hmm reports/busco_output/auto_lineage/run_eukaryota_odb12/miniprot_output/translated_proteins/5414888at2759.faa 
# Current dir:     /data
# Date:            Fri Mar 27 03:05:39 2026
# [ok]
