#                                                                                                            --- full sequence --- -------------- this domain -------------   hmm coord   ali coord   env coord
# target name                                        accession   tlen query name           accession   qlen   E-value  score  bias   #  of  c-Evalue  i-Evalue  score  bias  from    to  from    to  from    to  acc description of target
#                                ------------------- ---------- ----- -------------------- ---------- ----- --------- ------ ----- --- --- --------- --------- ------ ----- ----- ----- ----- ----- ----- ----- ---- ---------------------
70224at2759_226126_0:000a0a|contig_342:19069-20153|- -            354 70224                -            222   8.2e-49  154.8   3.9   1   3   2.2e-16   3.3e-16   48.1   0.1     6    63    75   135    73   150 0.83 <unknown description>
70224at2759_226126_0:000a0a|contig_342:19069-20153|- -            354 70224                -            222   8.2e-49  154.8   3.9   2   3   3.2e-12   4.8e-12   34.5   0.0    58   129   156   224   139   230 0.81 <unknown description>
70224at2759_226126_0:000a0a|contig_342:19069-20153|- -            354 70224                -            222   8.2e-49  154.8   3.9   3   3   8.3e-24   1.2e-23   72.4   0.1   123   220   238   343   228   345 0.86 <unknown description>
70224at2759_869754_0:001452|contig_342:19121-19918|- -            262 70224                -            222   1.5e-47  150.6   2.4   1   3   3.4e-16   5.1e-16   47.5   0.1     7    63     1    60     1    77 0.82 <unknown description>
70224at2759_869754_0:001452|contig_342:19121-19918|- -            262 70224                -            222   1.5e-47  150.6   2.4   2   3   4.4e-12   6.7e-12   34.1   0.0    63   129    85   149    64   155 0.82 <unknown description>
70224at2759_869754_0:001452|contig_342:19121-19918|- -            262 70224                -            222   1.5e-47  150.6   2.4   3   3   1.6e-22   2.4e-22   68.3   0.1   123   212   163   260   153   262 0.81 <unknown description>
70224at2759_7054_0:001758|contig_342:19286-19918|-   -            209 70224                -            222   9.7e-30   92.4   1.0   1   2   2.6e-16   3.9e-16   47.9   0.1     7    63     1    60     1    72 0.82 <unknown description>
70224at2759_7054_0:001758|contig_342:19286-19918|-   -            209 70224                -            222   9.7e-30   92.4   1.0   2   2   1.1e-11   1.6e-11   32.8   0.1    52   167    75   209    64   209 0.79 <unknown description>
70224at2759_352472_0:001984|contig_342:19207-19519|- -            104 70224                -            222   3.4e-24   74.3   0.1   1   2   0.00029   0.00043    8.5   0.0   111   130     1    20     1    27 0.88 <unknown description>
70224at2759_352472_0:001984|contig_342:19207-19519|- -            104 70224                -            222   3.4e-24   74.3   0.1   2   2   2.3e-21   3.5e-21   64.4   0.1   123   194    33   104    23   104 0.91 <unknown description>
#
# Program:         hmmsearch
# Version:         3.4 (Aug 2023)
# Pipeline mode:   SEARCH
# Query file:      /data/busco_downloads/lineages/eukaryota_odb12/hmms/70224at2759.hmm
# Target file:     reports/busco_output/auto_lineage/run_eukaryota_odb12/miniprot_output/translated_proteins/70224at2759.faa
# Option settings: hmmsearch --domtblout reports/busco_output/auto_lineage/run_eukaryota_odb12/hmmer_output/70224at2759.out --cpu 1 /data/busco_downloads/lineages/eukaryota_odb12/hmms/70224at2759.hmm reports/busco_output/auto_lineage/run_eukaryota_odb12/miniprot_output/translated_proteins/70224at2759.faa 
# Current dir:     /data
# Date:            Fri Mar 27 03:05:39 2026
# [ok]
