#                                                                                                              --- full sequence --- -------------- this domain -------------   hmm coord   ali coord   env coord
# target name                                          accession   tlen query name           accession   qlen   E-value  score  bias   #  of  c-Evalue  i-Evalue  score  bias  from    to  from    to  from    to  acc description of target
#                                  ------------------- ---------- ----- -------------------- ---------- ----- --------- ------ ----- --- --- --------- --------- ------ ----- ----- ----- ----- ----- ----- ----- ---- ---------------------
7396459at2759_7425_0:0017ec|contig_118:5564-6557|-     -            328 7396459              -            561     2e-74  241.6   0.0   1   1   2.6e-74   2.7e-74  241.2   0.0    24   351     1   321     1   326 0.87 <unknown description>
7396459at2759_3661_0:00032b|contig_259:6175-7185|+     -            332 7396459              -            561   2.6e-61  198.3   0.0   1   1   2.8e-61     3e-61  198.1   0.0    23   350    10   331     1   332 0.78 <unknown description>
7396459at2759_3708_0:009374|contig_259:6550-7211|+     -            217 7396459              -            561   9.9e-49  156.8   0.1   1   1   1.1e-48   1.1e-48  156.6   0.1   137   359     1   216     1   217 0.84 <unknown description>
7396459at2759_64791_0:001b5a|contig_118:6002-6557|-    -            184 7396459              -            561   3.9e-42  135.0   0.0   1   1   4.7e-42   4.9e-42  134.7   0.0    24   207     1   183     1   184 0.87 <unknown description>
7396459at2759_905079_0:0034e6|contig_261:8332-8911|-   -            190 7396459              -            561   2.9e-36  115.6   0.0   1   1   3.1e-36   3.3e-36  115.4   0.0    26   182    13   167     3   189 0.85 <unknown description>
7396459at2759_4577_0:007eb0|contig_259:6154-6740|+     -            194 7396459              -            561   5.1e-33  104.9   0.0   1   1   5.8e-33     6e-33  104.7   0.0     8   198     3   191     1   193 0.78 <unknown description>
7396459at2759_948595_0:000489|contig_35:25436-26529|+  -            256 7396459              -            561   3.9e-30   95.4   2.0   1   2     4e-06   4.2e-06   16.0   0.1    49    66     2    19     1    20 0.90 <unknown description>
7396459at2759_948595_0:000489|contig_35:25436-26529|+  -            256 7396459              -            561   3.9e-30   95.4   2.0   2   2   1.2e-24   1.2e-24   77.3   0.2   129   349    41   256    25   256 0.76 <unknown description>
7396459at2759_8262_0:004b06|contig_35:45180-46976|+    -            221 7396459              -            561   3.2e-28   89.1   0.0   1   1   4.7e-28   4.9e-28   88.4   0.0    14   220    15   216     7   221 0.86 <unknown description>
7396459at2759_294128_0:00142b|contig_149:12278-12694|- -            138 7396459              -            561   2.1e-27   86.4   0.2   1   1   2.2e-27   2.2e-27   86.3   0.2    33   176     1   137     1   138 0.89 <unknown description>
7396459at2759_108875_0:003edd|contig_267:26435-26951|- -            171 7396459              -            561   2.7e-27   86.0   0.2   1   1   3.1e-27   3.2e-27   85.7   0.2    44   167    56   170     1   170 0.83 <unknown description>
7396459at2759_680683_0:002abb|contig_35:46395-46946|+  -            183 7396459              -            561   7.9e-27   84.5   0.0   1   1   9.8e-27     1e-26   84.1   0.0    27   214     1   182     1   183 0.85 <unknown description>
7396459at2759_759272_0:0001b6|contig_267:18465-26870|- -            566 7396459              -            561   2.6e-25   79.4   0.4   1   1   3.7e-25   3.9e-25   78.9   0.4    45   284    30   276    24   286 0.73 <unknown description>
7396459at2759_4577_0:000eec|contig_259:6550-6740|+     -             64 7396459              -            561   2.6e-24   76.2   0.0   1   1   2.8e-24     3e-24   76.0   0.0   137   198     1    61     1    63 0.96 <unknown description>
7396459at2759_226126_0:000781|contig_423:41197-41646|+ -            150 7396459              -            561   5.2e-23   71.8   0.0   1   1     6e-23   6.2e-23   71.6   0.0    27   184     1   149     1   150 0.87 <unknown description>
7396459at2759_146911_0:0030ee|contig_267:26473-26783|- -            103 7396459              -            561   2.9e-22   69.4   0.0   1   1     3e-22   3.1e-22   69.3   0.0    45   143     1    93     1   102 0.89 <unknown description>
7396459at2759_481883_0:003f89|contig_267:26473-26870|- -            132 7396459              -            561   3.5e-22   69.1   0.0   1   1     4e-22   4.1e-22   68.9   0.0    45   143    30   122    23   131 0.89 <unknown description>
7396459at2759_7054_0:0011c6|contig_349:8719-8918|+     -             67 7396459              -            561   7.3e-17   51.6   0.1   1   1   7.4e-17   7.7e-17   51.5   0.1   294   359     1    65     1    66 0.90 <unknown description>
7396459at2759_7396_0:001db9|contig_118:6429-6554|-     -             42 7396459              -            561   8.9e-16   48.0   0.1   1   1   8.8e-16   9.1e-16   47.9   0.1    25    65     1    41     1    42 0.96 <unknown description>
7396459at2759_8208_0:005f91|contig_267:26663-26783|-   -             41 7396459              -            561   1.6e-14   43.8   0.0   1   1   1.7e-14   1.7e-14   43.7   0.0    45    87     1    40     1    41 0.96 <unknown description>
7396459at2759_352472_0:002e94|contig_267:26663-26933|- -             91 7396459              -            561   3.4e-14   42.8   0.0   1   1   3.2e-14   3.4e-14   42.8   0.0    44    87    50    90     8    91 0.77 <unknown description>
7396459at2759_75329_0:002535|contig_388:17568-17753|+  -             62 7396459              -            561   8.1e-13   38.2   0.1   1   1   8.3e-13   8.7e-13   38.1   0.1    46   104     7    60     3    62 0.87 <unknown description>
7396459at2759_3911_0:00a553|contig_229:460-586|+       -             43 7396459              -            561   3.4e-10   29.5   0.0   1   1   3.3e-10   3.4e-10   29.5   0.0   297   331     6    41     1    43 0.80 <unknown description>
7396459at2759_1203425_0:0045fb|contig_35:46763-46946|+ -             62 7396459              -            561   6.9e-10   28.5   0.1   1   1     7e-10   7.2e-10   28.5   0.1   157   214     2    61     1    62 0.87 <unknown description>
7396459at2759_93934_0:0029be|contig_216:17941-18176|+  -             79 7396459              -            561     0.086    1.8  18.6   1   1     0.088     0.092    1.7  18.6   488   551     4    63     1    72 0.42 <unknown description>
7396459at2759_9054_0:001024|contig_216:17941-18128|+   -             63 7396459              -            561      0.29    0.1  19.8   1   1      0.29       0.3    0.0  19.8   488   548     4    60     1    63 0.37 <unknown description>
7396459at2759_51315_0:000646|contig_331:9253-9421|+    -             57 7396459              -            561      0.41   -0.4  24.7   1   1      0.38       0.4   -0.4  24.7   474   522     7    51     1    57 0.26 <unknown description>
#
# Program:         hmmsearch
# Version:         3.4 (Aug 2023)
# Pipeline mode:   SEARCH
# Query file:      /data/busco_downloads/lineages/eukaryota_odb12/hmms/7396459at2759.hmm
# Target file:     reports/busco_output/auto_lineage/run_eukaryota_odb12/miniprot_output/translated_proteins/7396459at2759.faa
# Option settings: hmmsearch --domtblout reports/busco_output/auto_lineage/run_eukaryota_odb12/hmmer_output/7396459at2759.out --cpu 1 /data/busco_downloads/lineages/eukaryota_odb12/hmms/7396459at2759.hmm reports/busco_output/auto_lineage/run_eukaryota_odb12/miniprot_output/translated_proteins/7396459at2759.faa 
# Current dir:     /data
# Date:            Fri Mar 27 03:05:39 2026
# [ok]
