#                                                                                                           --- full sequence --- -------------- this domain -------------   hmm coord   ali coord   env coord
# target name                                       accession   tlen query name           accession   qlen   E-value  score  bias   #  of  c-Evalue  i-Evalue  score  bias  from    to  from    to  from    to  acc description of target
#                               ------------------- ---------- ----- -------------------- ---------- ----- --------- ------ ----- --- --- --------- --------- ------ ----- ----- ----- ----- ----- ----- ----- ---- ---------------------
844at2759_226126_0:000143|contig_435:29469-32073|+  -            848 844                  -            707    8e-202  662.6   6.1   1   3      0.75      0.75   -1.7   5.5     7    56    81   136    75   164 0.63 <unknown description>
844at2759_226126_0:000143|contig_435:29469-32073|+  -            848 844                  -            707    8e-202  662.6   6.1   2   3  4.8e-169  4.8e-169  554.2   0.0    54   581   180   701   133   704 0.89 <unknown description>
844at2759_226126_0:000143|contig_435:29469-32073|+  -            848 844                  -            707    8e-202  662.6   6.1   3   3   6.8e-34   6.8e-34  107.5   0.2   564   688   722   845   712   848 0.93 <unknown description>
844at2759_45513_0:000a92|contig_435:27458-32076|+   -            782 844                  -            707  6.8e-200  656.2   2.8   1   2      0.44      0.44   -1.0   4.2     6    55    45   100    38   129 0.63 <unknown description>
844at2759_45513_0:000a92|contig_435:27458-32076|+   -            782 844                  -            707  6.8e-200  656.2   2.8   2   2  3.8e-199  3.8e-199  653.7   0.0    84   688   176   778   154   782 0.91 <unknown description>
844at2759_1408657_0:000673|contig_435:30115-32061|+ -            598 844                  -            707    9e-200  655.8   0.0   1   1    1e-199    1e-199  655.6   0.0    86   686     1   597     1   598 0.92 <unknown description>
844at2759_29031_0:0003f5|contig_435:26056-32061|+   -            786 844                  -            707  2.6e-183  601.4   1.9   1   2      0.34      0.34   -0.6   3.6     7    55    58   114    53   132 0.63 <unknown description>
844at2759_29031_0:0003f5|contig_435:26056-32061|+   -            786 844                  -            707  2.6e-183  601.4   1.9   2   2  8.7e-183  8.7e-183  599.6   0.0    20   686   109   785   100   786 0.86 <unknown description>
844at2759_2732470_0:001cf8|contig_435:29663-31589|+ -            629 844                  -            707  4.7e-162  531.1   4.5   1   2      0.39      0.39   -0.8   5.1     7    56    18    73    13   101 0.63 <unknown description>
844at2759_2732470_0:001cf8|contig_435:29663-31589|+ -            629 844                  -            707  4.7e-162  531.1   4.5   2   2  1.6e-161  1.6e-161  529.4   0.0    83   569   148   629   127   629 0.91 <unknown description>
844at2759_526221_0:001769|contig_435:30531-32067|+  -            503 844                  -            707  9.9e-160  523.4   0.1   1   2  9.3e-127  9.3e-127  414.4   0.0   223   579     1   355     1   361 0.91 <unknown description>
844at2759_526221_0:001769|contig_435:30531-32067|+  -            503 844                  -            707  9.9e-160  523.4   0.1   2   2   8.4e-34   8.4e-34  107.2   0.1   565   687   380   501   374   503 0.94 <unknown description>
844at2759_210225_0:004f4f|contig_435:30121-31589|+  -            480 844                  -            707  7.1e-141  461.1   0.0   1   1    8e-141    8e-141  460.9   0.0    88   569     1   480     1   480 0.90 <unknown description>
844at2759_106335_0:00ebad|contig_435:30327-31437|+  -            362 844                  -            707  3.7e-123  402.5   0.0   1   1  4.1e-123  4.1e-123  402.4   0.0   158   518     5   362     1   362 0.92 <unknown description>
844at2759_58627_0:0002e3|contig_435:30974-32082|+   -            363 844                  -            707  9.3e-121  394.6   0.8   1   2   3.9e-87   3.9e-87  283.4   0.0   364   580     3   211     1   216 0.94 <unknown description>
844at2759_58627_0:0002e3|contig_435:30974-32082|+   -            363 844                  -            707  9.3e-121  394.6   0.8   2   2   1.3e-34   1.3e-34  109.8   0.2   565   688   235   357   229   362 0.93 <unknown description>
844at2759_186751_0:0000ab|contig_435:30637-31449|+  -            265 844                  -            707   3.6e-92  300.1   0.0   1   1   4.4e-92   4.4e-92  299.8   0.0   262   521     6   264     4   265 0.90 <unknown description>
844at2759_294128_0:002ba4|contig_236:8895-10042|-   -            366 844                  -            707   1.8e-82  268.0   4.8   1   1   3.8e-82   3.8e-82  267.0   4.8   184   564     1   365     1   366 0.89 <unknown description>
844at2759_6183_0:0005c1|contig_435:30097-31048|+    -            311 844                  -            707   1.7e-75  245.0   0.0   1   1   1.9e-75   1.9e-75  244.8   0.0    84   386     5   310     1   311 0.89 <unknown description>
844at2759_108931_0:0023f5|contig_435:31292-32061|+  -            253 844                  -            707   2.3e-75  244.6   3.1   1   2     1e-42     1e-42  136.6   0.2   471   580     1   108     1   113 0.94 <unknown description>
844at2759_108931_0:0023f5|contig_435:31292-32061|+  -            253 844                  -            707   2.3e-75  244.6   3.1   2   2   2.7e-34   2.7e-34  108.8   0.3   565   686   132   252   125   253 0.94 <unknown description>
844at2759_423536_0:0000b8|contig_236:8862-9507|-    -            213 844                  -            707   8.2e-69  222.9   0.3   1   1   9.8e-69   9.8e-69  222.6   0.3   361   567     1   204     1   210 0.95 <unknown description>
844at2759_869250_0:00060f|contig_236:8898-9411|-    -            170 844                  -            707   2.1e-59  191.8   1.1   1   1   2.3e-59   2.3e-59  191.7   1.1   392   564     1   170     1   170 0.95 <unknown description>
844at2759_4781_0:002b89|contig_435:30097-30844|+    -            245 844                  -            707   8.6e-57  183.2   0.0   1   1   9.4e-57   9.4e-57  183.0   0.0    84   327     5   244     1   245 0.89 <unknown description>
844at2759_145388_0:003d59|contig_236:8847-9304|-    -            152 844                  -            707   4.8e-51  164.2   0.1   1   1   5.5e-51   5.5e-51  164.0   0.1   428   568     1   139     1   149 0.94 <unknown description>
844at2759_58627_0:000334|contig_435:29484-30640|+   -            380 844                  -            707   1.2e-37  119.8   0.1   1   2      0.17      0.17    0.4   4.8     7    56    77   134    71   156 0.63 <unknown description>
844at2759_58627_0:000334|contig_435:29484-30640|+   -            380 844                  -            707   1.2e-37  119.8   0.1   2   2   1.2e-37   1.2e-37  119.8   0.1    84   249   207   370   185   374 0.88 <unknown description>
844at2759_423536_0:000c45|contig_121:509-704|-      -             66 844                  -            707   2.6e-17   52.7   0.0   1   1   2.8e-17   2.8e-17   52.6   0.0   476   541     1    65     1    66 0.89 <unknown description>
844at2759_4442_0:002253|contig_236:8886-9135|-      -             83 844                  -            707   9.5e-15   44.2   0.8   1   1     1e-14     1e-14   44.1   0.8   484   567     1    82     1    83 0.91 <unknown description>
#
# Program:         hmmsearch
# Version:         3.4 (Aug 2023)
# Pipeline mode:   SEARCH
# Query file:      /data/busco_downloads/lineages/eukaryota_odb12/hmms/844at2759.hmm
# Target file:     reports/busco_output/auto_lineage/run_eukaryota_odb12/miniprot_output/translated_proteins/844at2759.faa
# Option settings: hmmsearch --domtblout reports/busco_output/auto_lineage/run_eukaryota_odb12/hmmer_output/844at2759.out --cpu 1 /data/busco_downloads/lineages/eukaryota_odb12/hmms/844at2759.hmm reports/busco_output/auto_lineage/run_eukaryota_odb12/miniprot_output/translated_proteins/844at2759.faa 
# Current dir:     /data
# Date:            Fri Mar 27 03:05:39 2026
# [ok]
